<?xml version="1.0" encoding="UTF-8"?>
<!-- Generated by org.testng.reporters.JUnitReportReporter -->
<testsuite skipped="0" hostname="DESKTOP-7PTG32V" name="com.deepu.pagefactory.VerifyLoinPGF" tests="1" failures="0" timestamp="19 Jul 2018 19:10:46 GMT" time="8.378" errors="0">
  <testcase name="verifyPgFLogin" time="8.378" classname="com.deepu.pagefactory.VerifyLoinPGF"/>
</testsuite> <!-- com.deepu.pagefactory.VerifyLoinPGF -->
