<?xml version="1.0" encoding="UTF-8"?>
<!-- Generated by org.testng.reporters.JUnitReportReporter -->
<testsuite skipped="0" hostname="DESKTOP-7PTG32V" name="com.devokta.pages.VerifyDevOktaLogin" tests="1" failures="0" timestamp="25 Jul 2018 20:07:42 GMT" time="18.442" errors="0">
  <testcase name="verifyValidLogin" time="18.442" classname="com.devokta.pages.VerifyDevOktaLogin"/>
</testsuite> <!-- com.devokta.pages.VerifyDevOktaLogin -->
